<?xml version="1.0" encoding="UTF-8"?>
<!-- Generated by org.testng.reporters.JUnitXMLReporter -->
<testsuite ignored="5" hostname="icanio-HP-Pavilion-Laptop-14-dv0xxx" failures="2" tests="3" name="Academic info test" time="519.963" errors="0" timestamp="2022-02-10T12:24:46 IST">
  <testcase classname="tests.sSLC" name="clickAddDetailsAndTenthGrade" time="180.378"/>
  <testcase classname="tests.sSLC" name="validateNegativeTenthGradeInfo" time="339.559">
    <failure type="java.lang.AssertionError" message="Please fill the required field is not displayed expected [true] but found [false]">
      <![CDATA[java.lang.AssertionError: Please fill the required field is not displayed expected [true] but found [false]
at common.commonFunctions.verifyMandatoryField(commonFunctions.java:312)
at tests.sSLC.validateNegativeTenthGradeInfo(sSLC.java:51)
at java.base/java.util.ArrayList.forEach(ArrayList.java:1541)
... Removed 31 stack frames]]>
    </failure>
  </testcase> <!-- validateNegativeTenthGradeInfo -->
  <testcase classname="tests.sSLC" name="validateNegativeTenthGradeInfo" time="339.568">
    <failure type="org.openqa.selenium.WebDriverException" message="chrome not reachable
  (Session info: chrome=98.0.4758.80)
Build info: version: &amp;apos;4.1.1&amp;apos;, revision: &amp;apos;e8fcc2cecf&amp;apos;
System info: host: &amp;apos;icanio-HP-Pavilion-Laptop-14-dv0xxx&amp;apos;, ip: &amp;apos;127.0.1.1&amp;apos;, os.name: &amp;apos;Linux&amp;apos;, os.arch: &amp;apos;amd64&amp;apos;, os.version: &amp;apos;5.13.0-28-generic&amp;apos;, java.version: &amp;apos;11.0.14&amp;apos;
Driver info: org.openqa.selenium.chrome.ChromeDriver
Command: [2dc2326e0df65bde6485352dbc1c730f, screenshot {}]
Capabilities {acceptInsecureCerts: false, browserName: chrome, browserVersion: 98.0.4758.80, chrome: {chromedriverVersion: 98.0.4758.80 (7f0488e8ba0d8..., userDataDir: /tmp/.com.google.Chrome.GwbhEN}, goog:chromeOptions: {debuggerAddress: localhost:33541}, javascriptEnabled: true, networkConnectionEnabled: false, pageLoadStrategy: normal, platform: LINUX, platformName: LINUX, proxy: Proxy(), se:cdp: ws://localhost:33541/devtoo..., se:cdpVersion: 98.0.4758.80, setWindowRect: true, strictFileInteractability: false, timeouts: {implicit: 0, pageLoad: 300000, script: 30000}, unhandledPromptBehavior: dismiss and notify, webauthn:extension:credBlob: true, webauthn:extension:largeBlob: true, webauthn:virtualAuthenticators: true}
Session ID: 2dc2326e0df65bde6485352dbc1c730f">
      <![CDATA[org.openqa.selenium.WebDriverException: chrome not reachable
  (Session info: chrome=98.0.4758.80)
Build info: version: '4.1.1', revision: 'e8fcc2cecf'
System info: host: 'icanio-HP-Pavilion-Laptop-14-dv0xxx', ip: '127.0.1.1', os.name: 'Linux', os.arch: 'amd64', os.version: '5.13.0-28-generic', java.version: '11.0.14'
Driver info: org.openqa.selenium.chrome.ChromeDriver
Command: [2dc2326e0df65bde6485352dbc1c730f, screenshot {}]
Capabilities {acceptInsecureCerts: false, browserName: chrome, browserVersion: 98.0.4758.80, chrome: {chromedriverVersion: 98.0.4758.80 (7f0488e8ba0d8..., userDataDir: /tmp/.com.google.Chrome.GwbhEN}, goog:chromeOptions: {debuggerAddress: localhost:33541}, javascriptEnabled: true, networkConnectionEnabled: false, pageLoadStrategy: normal, platform: LINUX, platformName: LINUX, proxy: Proxy(), se:cdp: ws://localhost:33541/devtoo..., se:cdpVersion: 98.0.4758.80, setWindowRect: true, strictFileInteractability: false, timeouts: {implicit: 0, pageLoad: 300000, script: 30000}, unhandledPromptBehavior: dismiss and notify, webauthn:extension:credBlob: true, webauthn:extension:largeBlob: true, webauthn:virtualAuthenticators: true}
Session ID: 2dc2326e0df65bde6485352dbc1c730f
at org.openqa.selenium.remote.codec.w3c.W3CHttpResponseCodec.createException(W3CHttpResponseCodec.java:200)
at org.openqa.selenium.remote.codec.w3c.W3CHttpResponseCodec.decode(W3CHttpResponseCodec.java:133)
at org.openqa.selenium.remote.codec.w3c.W3CHttpResponseCodec.decode(W3CHttpResponseCodec.java:53)
at org.openqa.selenium.remote.HttpCommandExecutor.execute(HttpCommandExecutor.java:184)
at org.openqa.selenium.remote.service.DriverCommandExecutor.invokeExecute(DriverCommandExecutor.java:167)
at org.openqa.selenium.remote.service.DriverCommandExecutor.execute(DriverCommandExecutor.java:142)
at org.openqa.selenium.remote.RemoteWebDriver.execute(RemoteWebDriver.java:543)
at org.openqa.selenium.remote.RemoteWebDriver.execute(RemoteWebDriver.java:598)
at org.openqa.selenium.remote.RemoteWebDriver.execute(RemoteWebDriver.java:602)
at org.openqa.selenium.remote.RemoteWebDriver.getScreenshotAs(RemoteWebDriver.java:333)
at utils.listeners.TestListener.capture(TestListener.java:81)
at utils.listeners.TestListener.onTestFailure(TestListener.java:67)
at java.base/java.util.ArrayList.forEach(ArrayList.java:1541)
... Removed 29 stack frames]]>
    </failure>
  </testcase> <!-- validateNegativeTenthGradeInfo -->
  <testcase classname="tests.underGraduate" name="validateunderGradInfo" time="0.0">
    <ignored/>
  </testcase> <!-- validateunderGradInfo -->
  <testcase classname="tests.diploma" name="validateDiplomaInfo" time="0.0">
    <ignored/>
  </testcase> <!-- validateDiplomaInfo -->
  <testcase classname="tests.sSLC" name="validateTenthGradeInfo" time="0.0">
    <ignored/>
  </testcase> <!-- validateTenthGradeInfo -->
  <testcase classname="tests.plusTwo" name="validatePlus2GradeInfo" time="0.0">
    <ignored/>
  </testcase> <!-- validatePlus2GradeInfo -->
  <testcase classname="tests.postGraduate" name="validatePostGradInfo" time="0.0">
    <ignored/>
  </testcase> <!-- validatePostGradInfo -->
</testsuite> <!-- Academic info test -->
